Circuit: * C:\Users\Oguz\Desktop\202\LAB3\Draft1.asc

Early termination of direct N-R iteration.
Direct Newton iteration failed to find .op point.  (Use ".option noopiter" to skip.)
Starting Gmin stepping
Gmin = 10
vernier = 0.5
Gmin = 1.86414
vernier = 0.25
vernier = 0.125
vernier = 0.0625
vernier = 0.03125
Gmin = 1.74088
vernier = 0.015625
vernier = 0.0078125
vernier = 0.00390625
vernier = 0.00195313
vernier = 0.000976563
Gmin = 1.75362
vernier = 0.000488281
Gmin = 0
Gmin stepping succeeded in finding the operating point.


Date: Mon Mar 28 22:02:05 2022
Total elapsed time: 4.663 seconds.

tnom = 27
temp = 27
method = modified trap
totiter = 10016
traniter = 8533
tranpoints = 3229
accept = 2601
rejected = 628
matrix size = 134
fillins = 1753
solver = Normal
Thread vector: 21.1/12.0[3] 6.0/4.2[3] 11.0/7.8[3] 2.3/5.5[1]  2592/500
Matrix Compiler1: 188.67 KB object code size  110.6/44.9/[14.4]
Matrix Compiler2: 40.03 KB object code size  19.9/12.4/[8.0]

